2025-12-11 15:52:52,349 - pyswarms.single.global_best - INFO - Optimize for 1000 iters with {'c1': 0.1, 'c2': 0.1, 'w': 0.1}
2025-12-11 15:53:03,739 - pyswarms.single.global_best - INFO - Optimization finished | best cost: 0.6108724435527418, best pos: [0.59571973 0.53778251 0.54115379 0.47054819 0.80451934 0.60306872
 0.16978914 0.22328976 0.84593855 0.43369863 0.27313303 0.10322445
 0.1649334  0.5291825  0.76964456 0.6440984  0.43616392 0.30307676
 0.4141922  0.68828371 0.63828663 0.38446189 0.20682466 0.64375304
 0.56702716 0.78854494 0.29078966 0.50576017 0.50523382 0.66244316
 0.23934798 0.63789343 0.36704407 0.7949569  0.16837504 0.53627121
 0.47549324 0.46608282 0.28868905 0.71886186 0.28430275 0.41915417
 0.21713057 0.59277363 0.4537651  0.74722841 0.28379815 0.64201245
 0.27423809 0.41625074 0.64876204 0.83509792 0.75213268 0.54108048
 0.39733143 0.75306374 0.26132778 0.2558412  0.62308555 0.53777381
 0.5691221  0.40195491 0.46277806 0.73084572 0.57346236 0.50877873
 0.19511339 0.20830046 0.61217322 0.520053   0.72198147 0.35136538
 0.63627655 0.77257456 0.28865309 0.30638625 0.58211784 0.46285346
 0.5596692  0.80066714 0.39082463 0.40970617 0.70633565 0.79472901
 0.69158619 0.51132063 0.30975865 0.80385444 0.7293322  0.22442886
 0.78074487 0.5542058  0.70841649 0.5075048  0.20533608 0.56211944
 0.72560782 0.24297073 0.52076167 0.25080224 0.47402756 0.23343731
 0.60969714 0.25037443 0.31158489 0.5613081  0.74084368 0.61776335
 0.55792591 0.58905815 0.75694921 0.29106471 0.50860056 0.46338886
 0.74981964 0.40642306 0.73216588 0.86138281 0.51843964 0.20859067
 0.38595252 0.701052   0.35762083 0.72178064 0.90918911 0.40916571
 0.62189315 0.62689296 0.60788841 0.73480771 0.38606345 0.504029
 0.48641382 0.3178381  0.29415396 0.55949319 0.62537258 0.34070311
 0.60448619 0.7278381  0.25526524 0.37362169 0.8330086  0.83428003
 0.44186694 0.93247232 0.77486838 0.27783352 0.59816742 0.53948374
 0.43122142 0.10235984 0.54218029 0.38097793 0.49995795 0.76418019
 0.56077655 0.51491278 0.47028265 0.16951849 0.47399096 0.7426323
 0.44027427 0.40060563 0.30120142 0.71258462 0.30418453 0.61648141
 0.77490991 0.51437192 0.7176868  0.58725536 0.3484093  0.49907002
 0.44935379 0.70854394 0.20112148 0.36014073 0.21437145 0.28086399
 0.75913933 0.31621429 0.14771256 0.51696734 0.6845639  0.44018145
 0.4924334  0.88272288 0.29453432 0.81228497 0.40535414 0.41800838
 0.63601192 0.29805428 0.70256964 0.6571182  0.25354309 0.5048619
 0.14884359 0.55435839 0.27828974 0.54107588 0.78405196 0.46155361
 0.54357816 0.45031263 0.21674219 0.21551655 0.49995041 0.38754777
 0.40187144 0.66577924 0.40165351 0.52893035 0.25392478 0.30182806
 0.28682526 0.75032862 0.6804491  0.2674326  0.4162811  0.43153788
 0.66100626 0.68654421 0.2672638  0.18853323 0.7812226  0.20099902
 0.57275319 0.33023504 0.5144823  0.47142756 0.34737376 0.71846653
 0.82983651 0.72697824 0.68398369 0.21365466 0.52094505 0.27997267
 0.25223386 0.67658597 0.29476226 0.56127819 0.7760942  0.38673507
 0.59526086 0.60506783 0.71279813 0.44915768 0.37653277 0.54360375
 0.3391334  0.48754066 0.29355268 0.42144362 0.44176156 0.39408007
 0.7285477  0.68421044 0.54595187 0.52683088 0.33201621 0.59185741
 0.62819399 0.768482   0.39061466 0.23854281 0.55146428 0.35348594
 0.68641054 0.49451677 0.72696    0.56743468 0.43765917 0.21434843
 0.82197457 0.73116604 0.57725672 0.53855452 0.20844728 0.58336566
 0.41216616 0.45516904 0.21295952 0.61257807 0.49856241 0.48395113
 0.44919263 0.19244118 0.35832866 0.44836136 0.60777177 0.23951277
 0.6588889  0.34462734 0.41411308 0.83040075 0.2343698  0.29971626
 0.17423459 0.32477038 0.33856865 0.82391101 0.43660196 0.46401515
 0.13417885 0.16672497 0.41832211 0.85344824 0.35331152 0.57390672
 0.72992322 0.61907609 0.53416378 0.67938584 0.27146621 0.40418742
 0.7250615  0.46320238 0.18367432 0.71707353 0.36890435 0.75866727
 0.34600109 0.50405732 0.53754208 0.35723027 0.76622436 0.67460098
 0.56079416 0.46417623]
2025-12-14 17:22:41,150 - matplotlib.category - INFO - Using categorical units to plot a list of strings that are all parsable as floats or dates. If these strings should be plotted as numbers, cast to the appropriate data type before plotting.
2025-12-14 17:22:41,236 - matplotlib.category - INFO - Using categorical units to plot a list of strings that are all parsable as floats or dates. If these strings should be plotted as numbers, cast to the appropriate data type before plotting.
